<?xml version="1.0" encoding="UTF-8"?>
<!-- Generated by org.testng.reporters.JUnitReportReporter -->
<testsuite hostname="LAPTOP-TI082SJI" failures="0" tests="1" name="automation.Test1" time="9.380" errors="0" timestamp="2024-11-18T18:40:37 IST" skipped="0">
  <testcase classname="automation.Test1" name="test" time="9.380"/>
</testsuite> <!-- automation.Test1 -->
